[ 2023-05-22 22:01:21,778 ] 24 root - INFO - Data Ingestion methods Starts
[ 2023-05-22 22:01:22,620 ] 28 root - INFO - Dataset read as pandas Dataframe
[ 2023-05-22 22:01:26,669 ] 38 root - INFO - Train test split completed
[ 2023-05-22 22:01:30,919 ] 41 root - INFO - Ingestion of Data is completed
[ 2023-05-22 22:01:31,914 ] 73 root - INFO - Read train and test data completed
[ 2023-05-22 22:01:31,930 ] 74 root - INFO - Train Dataframe Head : 
   User_ID Product_ID Gender    Age  Occupation City_Category Stay_In_Current_City_Years  Marital_Status  Product_Category_1  Product_Category_2  Product_Category_3  Purchase
0  1005046  P00210042      M  26-35          16             A                          0               0                   8                14.0                 NaN      3886
1  1002627  P00263542      M  26-35           1             B                          2               1                  16                 NaN                 NaN     12148
2  1005482  P00061142      M  18-25           7             A                          1               0                   8                16.0                 NaN      8054
3  1001010  P00127242      M  26-35           0             A                          1               0                   1                16.0                 NaN      4000
4  1005337  P00057542      F  36-45           3             C                          3               1                   3                 4.0                 5.0     13701
[ 2023-05-22 22:01:31,946 ] 75 root - INFO - Test Dataframe Head  : 
   User_ID Product_ID Gender    Age  Occupation City_Category Stay_In_Current_City_Years  Marital_Status  Product_Category_1  Product_Category_2  Product_Category_3  Purchase
0  1001062  P00351342      M  51-55          19             C                          3               0                   1                 2.0                16.0     19142
1  1005172  P00237542      F  36-45          11             B                          1               0                   1                15.0                16.0     15513
2  1000415  P00116242      F  36-45           0             A                          2               1                   8                15.0                 NaN      7802
3  1000496  P00016742      M  18-25           4             A                          3               0                   1                15.0                16.0     15455
4  1002010  P00002242      M  18-25           4             B                          0               0                   6                 8.0                16.0      4492
[ 2023-05-22 22:01:31,946 ] 28 root - INFO - Data Transformation initiated
[ 2023-05-22 22:01:31,947 ] 39 root - INFO - Pipeline Initiated
[ 2023-05-22 22:01:31,955 ] 59 root - INFO - Pipeline Completed
[ 2023-05-22 22:01:31,955 ] 79 root - INFO - Obtained preprocessing object
[ 2023-05-22 22:01:33,923 ] 95 root - INFO - Transformed training and testing datasets.
[ 2023-05-22 22:01:33,986 ] 109 root - INFO - Preprocessor pickle file saved
[ 2023-05-22 22:01:34,028 ] 32 root - INFO - Split Dependent and Independent variables from train and test data
[ 2023-05-22 22:14:02,610 ] 52 root - INFO - Model Training completed
[ 2023-05-22 22:14:02,692 ] 65 root - INFO - Best Model pickle file saved
