[ 2023-05-23 11:11:39,721 ] 24 root - INFO - Data Ingestion methods Starts
[ 2023-05-23 11:11:39,976 ] 28 root - INFO - Dataset read as pandas Dataframe
[ 2023-05-23 11:11:40,982 ] 38 root - INFO - Train test split completed
[ 2023-05-23 11:11:41,960 ] 41 root - INFO - Ingestion of Data is completed
[ 2023-05-23 11:11:42,214 ] 90 root - INFO - Read train and test data completed
[ 2023-05-23 11:11:42,217 ] 91 root - INFO - Train Dataframe Head : 
   User_ID Product_ID Gender    Age  Occupation City_Category Stay_In_Current_City_Years  Marital_Status  Product_Category_1  Product_Category_2  Product_Category_3  Purchase
0  1004342  P00249742      M  26-35           0             C                          2               1                   1                15.0                18.0      4532
1  1002786  P00346342      M  26-35           4             A                          2               0                   1                15.0                 NaN     11816
2  1002116  P00243942      M  18-25           4             B                         4+               1                   1                 2.0                15.0     15548
3  1004593  P00214142      F  46-50           1             B                          0               1                   8                 NaN                 NaN      6025
4  1002503  P00178342      M  36-45          17             C                          3               1                   8                 NaN                 NaN      6094
[ 2023-05-23 11:11:42,218 ] 92 root - INFO - Test Dataframe Head  : 
   User_ID Product_ID Gender    Age  Occupation City_Category Stay_In_Current_City_Years  Marital_Status  Product_Category_1  Product_Category_2  Product_Category_3  Purchase
0  1005778  P00090842      M  36-45          12             C                          1               0                  11                15.0                 NaN      3191
1  1001238  P00371644      F  36-45          20             A                          1               0                  20                 NaN                 NaN       473
2  1004994  P00030842      M  46-50          17             B                         4+               0                   1                 2.0                15.0     18969
3  1000881  P00163342      M  18-25          14             A                          1               0                   6                 8.0                 NaN     12724
4  1004388  P00034042      M  46-50           3             B                          2               1                   1                 2.0                16.0     19615
[ 2023-05-23 11:11:42,218 ] 29 root - INFO - Data Transformation initiated
[ 2023-05-23 11:11:42,218 ] 41 root - INFO - Pipeline Initiated
[ 2023-05-23 11:11:42,218 ] 76 root - INFO - Pipeline Completed
[ 2023-05-23 11:11:42,218 ] 96 root - INFO - Obtained preprocessing object
[ 2023-05-23 11:11:42,912 ] 132 root - INFO - Transformed training and testing datasets.
[ 2023-05-23 11:11:42,932 ] 146 root - INFO - Preprocessor pickle file saved
[ 2023-05-23 11:11:42,945 ] 39 root - INFO - Split Dependent and Independent variables from train and test data
[ 2023-05-23 11:16:05,052 ] 74 root - INFO - Model Training completed
[ 2023-05-23 11:16:05,064 ] 88 root - INFO - Best Model pickle file saved
