[ 2023-05-23 09:00:04,840 ] 24 root - INFO - Data Ingestion methods Starts
[ 2023-05-23 09:00:05,108 ] 28 root - INFO - Dataset read as pandas Dataframe
[ 2023-05-23 09:00:06,134 ] 38 root - INFO - Train test split completed
[ 2023-05-23 09:00:07,120 ] 41 root - INFO - Ingestion of Data is completed
[ 2023-05-23 09:00:07,380 ] 77 root - INFO - Read train and test data completed
[ 2023-05-23 09:00:07,383 ] 78 root - INFO - Train Dataframe Head : 
   User_ID Product_ID Gender    Age  Occupation City_Category Stay_In_Current_City_Years  Marital_Status  Product_Category_1  Product_Category_2  Product_Category_3  Purchase
0  1005046  P00210042      M  26-35          16             A                          0               0                   8                14.0                 NaN      3886
1  1002627  P00263542      M  26-35           1             B                          2               1                  16                 NaN                 NaN     12148
2  1005482  P00061142      M  18-25           7             A                          1               0                   8                16.0                 NaN      8054
3  1001010  P00127242      M  26-35           0             A                          1               0                   1                16.0                 NaN      4000
4  1005337  P00057542      F  36-45           3             C                          3               1                   3                 4.0                 5.0     13701
[ 2023-05-23 09:00:07,384 ] 79 root - INFO - Test Dataframe Head  : 
   User_ID Product_ID Gender    Age  Occupation City_Category Stay_In_Current_City_Years  Marital_Status  Product_Category_1  Product_Category_2  Product_Category_3  Purchase
0  1001062  P00351342      M  51-55          19             C                          3               0                   1                 2.0                16.0     19142
1  1005172  P00237542      F  36-45          11             B                          1               0                   1                15.0                16.0     15513
2  1000415  P00116242      F  36-45           0             A                          2               1                   8                15.0                 NaN      7802
3  1000496  P00016742      M  18-25           4             A                          3               0                   1                15.0                16.0     15455
4  1002010  P00002242      M  18-25           4             B                          0               0                   6                 8.0                16.0      4492
[ 2023-05-23 09:00:07,385 ] 29 root - INFO - Data Transformation initiated
[ 2023-05-23 09:00:07,385 ] 41 root - INFO - Pipeline Initiated
[ 2023-05-23 09:00:07,385 ] 63 root - INFO - Pipeline Completed
[ 2023-05-23 09:00:07,385 ] 83 root - INFO - Obtained preprocessing object
[ 2023-05-23 09:00:07,999 ] 107 root - INFO - Transformed training and testing datasets.
[ 2023-05-23 09:00:08,010 ] 121 root - INFO - Preprocessor pickle file saved
[ 2023-05-23 09:00:08,024 ] 39 root - INFO - Split Dependent and Independent variables from train and test data
[ 2023-05-23 09:03:03,809 ] 74 root - INFO - Model Training completed
[ 2023-05-23 09:03:03,813 ] 88 root - INFO - Best Model pickle file saved
